<?xml version="1.0" encoding="UTF-8"?>
<!-- Generated by org.testng.reporters.JUnitXMLReporter -->
<testsuite ignored="0" hostname="Ideapad" failures="1" tests="2" name="Test" time="0.049" errors="0" timestamp="2023-04-04T00:54:42 IST">
  <testcase classname="listnerspack.Listerner" name="loginByFacebook" time="0.01"/>
  <testcase classname="listnerspack.Listerner" name="loginByTwitter" time="0.001">
    <failure type="java.lang.AssertionError" message="expected:&amp;lt;Chrome&amp;gt; but was:&amp;lt;chrome&amp;gt;">
      <![CDATA[java.lang.AssertionError: expected:<Chrome> but was:<chrome>
at listnerspack.Listerner.loginByTwitter(Listerner.java:25)
at java.base/java.util.ArrayList.forEach(ArrayList.java:1511)
... Removed 29 stack frames]]>
    </failure>
  </testcase> <!-- loginByTwitter -->
</testsuite> <!-- Test -->
